<?xml version="1.0" encoding="UTF-8"?>
<testsuites name="Involex Extension Phase 6 Tests" tests="0" failures="0" errors="0" time="0.694">
</testsuites>